mode: set
github.com/berikulyBeket/todo-plus/internal/app/app.go:24.30,29.16 4 0
github.com/berikulyBeket/todo-plus/internal/app/app.go:29.16,32.3 2 0
github.com/berikulyBeket/todo-plus/internal/app/app.go:33.2,36.16 3 0
github.com/berikulyBeket/todo-plus/internal/app/app.go:36.16,39.3 2 0
github.com/berikulyBeket/todo-plus/internal/app/app.go:40.2,44.16 4 0
github.com/berikulyBeket/todo-plus/internal/app/app.go:44.16,47.3 2 0
github.com/berikulyBeket/todo-plus/internal/app/app.go:48.2,51.16 3 0
github.com/berikulyBeket/todo-plus/internal/app/app.go:51.16,54.3 2 0
github.com/berikulyBeket/todo-plus/internal/app/app.go:55.2,71.41 14 0
github.com/berikulyBeket/todo-plus/internal/app/app.go:71.41,73.3 1 0
github.com/berikulyBeket/todo-plus/internal/app/app.go:75.2,82.9 5 0
github.com/berikulyBeket/todo-plus/internal/app/app.go:83.24,84.55 1 0
github.com/berikulyBeket/todo-plus/internal/app/app.go:85.36,86.75 1 0
github.com/berikulyBeket/todo-plus/internal/app/app.go:89.2,90.16 2 0
github.com/berikulyBeket/todo-plus/internal/app/app.go:90.16,92.3 1 0
github.com/berikulyBeket/todo-plus/internal/app/init_services.go:30.77,32.16 2 0
github.com/berikulyBeket/todo-plus/internal/app/init_services.go:32.16,34.3 1 0
github.com/berikulyBeket/todo-plus/internal/app/init_services.go:36.2,36.28 1 0
github.com/berikulyBeket/todo-plus/internal/app/init_services.go:40.82,59.58 5 0
github.com/berikulyBeket/todo-plus/internal/app/init_services.go:59.58,61.3 1 0
github.com/berikulyBeket/todo-plus/internal/app/init_services.go:63.2,63.59 1 0
github.com/berikulyBeket/todo-plus/internal/app/init_services.go:63.59,65.3 1 0
github.com/berikulyBeket/todo-plus/internal/app/init_services.go:67.2,67.51 1 0
github.com/berikulyBeket/todo-plus/internal/app/init_services.go:71.95,88.16 7 0
github.com/berikulyBeket/todo-plus/internal/app/init_services.go:88.16,90.3 1 0
github.com/berikulyBeket/todo-plus/internal/app/init_services.go:92.2,92.38 1 0
github.com/berikulyBeket/todo-plus/internal/app/init_services.go:96.71,101.16 4 0
github.com/berikulyBeket/todo-plus/internal/app/init_services.go:101.16,103.3 1 0
github.com/berikulyBeket/todo-plus/internal/app/init_services.go:105.2,105.25 1 0
github.com/berikulyBeket/todo-plus/internal/app/init_services.go:109.66,111.2 1 0
github.com/berikulyBeket/todo-plus/internal/app/init_services.go:114.83,119.2 3 0
github.com/berikulyBeket/todo-plus/internal/app/init_services.go:122.104,129.2 5 0
github.com/berikulyBeket/todo-plus/internal/consumer/consumer.go:23.13,29.2 1 0
github.com/berikulyBeket/todo-plus/internal/consumer/consumer.go:32.33,33.104 1 0
github.com/berikulyBeket/todo-plus/internal/consumer/consumer.go:33.104,35.3 1 0
github.com/berikulyBeket/todo-plus/internal/consumer/consumer.go:37.2,37.104 1 0
github.com/berikulyBeket/todo-plus/internal/consumer/consumer.go:37.104,39.3 1 0
github.com/berikulyBeket/todo-plus/internal/consumer/consumer.go:41.2,41.104 1 0
github.com/berikulyBeket/todo-plus/internal/consumer/consumer.go:41.104,43.3 1 0
github.com/berikulyBeket/todo-plus/internal/consumer/consumer.go:45.2,45.104 1 0
github.com/berikulyBeket/todo-plus/internal/consumer/consumer.go:45.104,47.3 1 0
github.com/berikulyBeket/todo-plus/internal/consumer/consumer.go:49.2,49.104 1 0
github.com/berikulyBeket/todo-plus/internal/consumer/consumer.go:49.104,51.3 1 0
github.com/berikulyBeket/todo-plus/internal/consumer/consumer.go:53.2,53.104 1 0
github.com/berikulyBeket/todo-plus/internal/consumer/consumer.go:53.104,55.3 1 0
github.com/berikulyBeket/todo-plus/internal/consumer/consumer.go:57.2,57.12 1 0
github.com/berikulyBeket/todo-plus/internal/consumer/item.go:11.61,13.59 2 0
github.com/berikulyBeket/todo-plus/internal/consumer/item.go:13.59,16.3 2 0
github.com/berikulyBeket/todo-plus/internal/consumer/item.go:18.2,18.85 1 0
github.com/berikulyBeket/todo-plus/internal/consumer/item.go:18.85,21.3 2 0
github.com/berikulyBeket/todo-plus/internal/consumer/item.go:23.2,23.12 1 0
github.com/berikulyBeket/todo-plus/internal/consumer/item.go:27.61,29.59 2 0
github.com/berikulyBeket/todo-plus/internal/consumer/item.go:29.59,32.3 2 0
github.com/berikulyBeket/todo-plus/internal/consumer/item.go:34.2,34.85 1 0
github.com/berikulyBeket/todo-plus/internal/consumer/item.go:34.85,37.3 2 0
github.com/berikulyBeket/todo-plus/internal/consumer/item.go:39.2,39.12 1 0
github.com/berikulyBeket/todo-plus/internal/consumer/item.go:43.61,45.59 2 0
github.com/berikulyBeket/todo-plus/internal/consumer/item.go:45.59,48.3 2 0
github.com/berikulyBeket/todo-plus/internal/consumer/item.go:50.2,50.85 1 0
github.com/berikulyBeket/todo-plus/internal/consumer/item.go:50.85,53.3 2 0
github.com/berikulyBeket/todo-plus/internal/consumer/item.go:55.2,55.12 1 0
github.com/berikulyBeket/todo-plus/internal/consumer/list.go:11.61,13.59 2 0
github.com/berikulyBeket/todo-plus/internal/consumer/list.go:13.59,16.3 2 0
github.com/berikulyBeket/todo-plus/internal/consumer/list.go:18.2,18.85 1 0
github.com/berikulyBeket/todo-plus/internal/consumer/list.go:18.85,21.3 2 0
github.com/berikulyBeket/todo-plus/internal/consumer/list.go:23.2,23.12 1 0
github.com/berikulyBeket/todo-plus/internal/consumer/list.go:27.61,29.59 2 0
github.com/berikulyBeket/todo-plus/internal/consumer/list.go:29.59,32.3 2 0
github.com/berikulyBeket/todo-plus/internal/consumer/list.go:34.2,34.85 1 0
github.com/berikulyBeket/todo-plus/internal/consumer/list.go:34.85,37.3 2 0
github.com/berikulyBeket/todo-plus/internal/consumer/list.go:39.2,39.12 1 0
github.com/berikulyBeket/todo-plus/internal/consumer/list.go:43.61,45.59 2 0
github.com/berikulyBeket/todo-plus/internal/consumer/list.go:45.59,48.3 2 0
github.com/berikulyBeket/todo-plus/internal/consumer/list.go:50.2,50.85 1 0
github.com/berikulyBeket/todo-plus/internal/consumer/list.go:50.85,53.3 2 0
github.com/berikulyBeket/todo-plus/internal/consumer/list.go:55.2,55.12 1 0
github.com/berikulyBeket/todo-plus/internal/entity/item.go:40.43,41.61 1 0
github.com/berikulyBeket/todo-plus/internal/entity/item.go:41.61,43.3 1 0
github.com/berikulyBeket/todo-plus/internal/entity/item.go:45.2,45.12 1 0
github.com/berikulyBeket/todo-plus/internal/entity/list.go:36.43,37.44 1 0
github.com/berikulyBeket/todo-plus/internal/entity/list.go:37.44,39.3 1 0
github.com/berikulyBeket/todo-plus/internal/entity/list.go:41.2,41.12 1 0
github.com/berikulyBeket/todo-plus/internal/entity/item.go:40.43,41.61 1 0
github.com/berikulyBeket/todo-plus/internal/entity/item.go:41.61,43.3 1 0
github.com/berikulyBeket/todo-plus/internal/entity/item.go:45.2,45.12 1 0
github.com/berikulyBeket/todo-plus/internal/entity/list.go:36.43,37.44 1 0
github.com/berikulyBeket/todo-plus/internal/entity/list.go:37.44,39.3 1 0
github.com/berikulyBeket/todo-plus/internal/entity/list.go:41.2,41.12 1 0
github.com/berikulyBeket/todo-plus/internal/repository/auth.go:19.51,21.2 1 1
github.com/berikulyBeket/todo-plus/internal/repository/auth.go:24.83,30.16 4 1
github.com/berikulyBeket/todo-plus/internal/repository/auth.go:30.16,32.3 1 1
github.com/berikulyBeket/todo-plus/internal/repository/auth.go:34.2,34.16 1 1
github.com/berikulyBeket/todo-plus/internal/repository/auth.go:38.110,47.16 4 1
github.com/berikulyBeket/todo-plus/internal/repository/auth.go:47.16,48.27 1 1
github.com/berikulyBeket/todo-plus/internal/repository/auth.go:48.27,50.4 1 1
github.com/berikulyBeket/todo-plus/internal/repository/auth.go:52.3,52.19 1 1
github.com/berikulyBeket/todo-plus/internal/repository/auth.go:55.2,55.18 1 1
github.com/berikulyBeket/todo-plus/internal/repository/item.go:24.96,30.2 1 1
github.com/berikulyBeket/todo-plus/internal/repository/item.go:33.100,35.16 2 1
github.com/berikulyBeket/todo-plus/internal/repository/item.go:35.16,37.3 1 1
github.com/berikulyBeket/todo-plus/internal/repository/item.go:39.2,43.16 4 1
github.com/berikulyBeket/todo-plus/internal/repository/item.go:43.16,46.3 2 1
github.com/berikulyBeket/todo-plus/internal/repository/item.go:48.2,50.73 2 1
github.com/berikulyBeket/todo-plus/internal/repository/item.go:50.73,53.3 2 1
github.com/berikulyBeket/todo-plus/internal/repository/item.go:55.2,55.36 1 1
github.com/berikulyBeket/todo-plus/internal/repository/item.go:55.36,57.3 1 1
github.com/berikulyBeket/todo-plus/internal/repository/item.go:59.2,63.90 4 1
github.com/berikulyBeket/todo-plus/internal/repository/item.go:63.90,65.3 1 0
github.com/berikulyBeket/todo-plus/internal/repository/item.go:66.2,66.70 1 1
github.com/berikulyBeket/todo-plus/internal/repository/item.go:66.70,68.3 1 0
github.com/berikulyBeket/todo-plus/internal/repository/item.go:70.2,70.20 1 1
github.com/berikulyBeket/todo-plus/internal/repository/item.go:74.92,78.75 3 1
github.com/berikulyBeket/todo-plus/internal/repository/item.go:78.75,80.3 1 0
github.com/berikulyBeket/todo-plus/internal/repository/item.go:80.8,80.19 1 1
github.com/berikulyBeket/todo-plus/internal/repository/item.go:80.19,82.3 1 0
github.com/berikulyBeket/todo-plus/internal/repository/item.go:84.2,91.16 3 1
github.com/berikulyBeket/todo-plus/internal/repository/item.go:91.16,93.3 1 1
github.com/berikulyBeket/todo-plus/internal/repository/item.go:94.2,96.18 2 1
github.com/berikulyBeket/todo-plus/internal/repository/item.go:96.18,98.89 2 1
github.com/berikulyBeket/todo-plus/internal/repository/item.go:98.89,100.4 1 0
github.com/berikulyBeket/todo-plus/internal/repository/item.go:101.3,101.30 1 1
github.com/berikulyBeket/todo-plus/internal/repository/item.go:104.2,104.35 1 1
github.com/berikulyBeket/todo-plus/internal/repository/item.go:104.35,106.3 1 0
github.com/berikulyBeket/todo-plus/internal/repository/item.go:108.2,108.88 1 1
github.com/berikulyBeket/todo-plus/internal/repository/item.go:108.88,110.3 1 0
github.com/berikulyBeket/todo-plus/internal/repository/item.go:112.2,112.19 1 1
github.com/berikulyBeket/todo-plus/internal/repository/item.go:116.85,120.74 3 1
github.com/berikulyBeket/todo-plus/internal/repository/item.go:120.74,122.3 1 0
github.com/berikulyBeket/todo-plus/internal/repository/item.go:122.8,122.19 1 1
github.com/berikulyBeket/todo-plus/internal/repository/item.go:122.19,124.3 1 0
github.com/berikulyBeket/todo-plus/internal/repository/item.go:126.2,129.16 3 1
github.com/berikulyBeket/todo-plus/internal/repository/item.go:129.16,130.27 1 1
github.com/berikulyBeket/todo-plus/internal/repository/item.go:130.27,132.4 1 1
github.com/berikulyBeket/todo-plus/internal/repository/item.go:133.3,133.19 1 1
github.com/berikulyBeket/todo-plus/internal/repository/item.go:136.2,136.86 1 1
github.com/berikulyBeket/todo-plus/internal/repository/item.go:136.86,138.3 1 0
github.com/berikulyBeket/todo-plus/internal/repository/item.go:140.2,140.18 1 1
github.com/berikulyBeket/todo-plus/internal/repository/item.go:144.92,147.23 2 1
github.com/berikulyBeket/todo-plus/internal/repository/item.go:147.23,149.3 1 1
github.com/berikulyBeket/todo-plus/internal/repository/item.go:151.2,154.16 3 1
github.com/berikulyBeket/todo-plus/internal/repository/item.go:154.16,156.3 1 1
github.com/berikulyBeket/todo-plus/internal/repository/item.go:157.2,159.18 2 1
github.com/berikulyBeket/todo-plus/internal/repository/item.go:159.18,161.89 2 1
github.com/berikulyBeket/todo-plus/internal/repository/item.go:161.89,163.4 1 1
github.com/berikulyBeket/todo-plus/internal/repository/item.go:164.3,164.30 1 1
github.com/berikulyBeket/todo-plus/internal/repository/item.go:167.2,167.19 1 1
github.com/berikulyBeket/todo-plus/internal/repository/item.go:171.116,178.24 5 1
github.com/berikulyBeket/todo-plus/internal/repository/item.go:178.24,182.3 3 1
github.com/berikulyBeket/todo-plus/internal/repository/item.go:183.2,183.30 1 1
github.com/berikulyBeket/todo-plus/internal/repository/item.go:183.30,187.3 3 1
github.com/berikulyBeket/todo-plus/internal/repository/item.go:188.2,188.23 1 1
github.com/berikulyBeket/todo-plus/internal/repository/item.go:188.23,192.3 3 1
github.com/berikulyBeket/todo-plus/internal/repository/item.go:194.2,194.26 1 1
github.com/berikulyBeket/todo-plus/internal/repository/item.go:194.26,196.3 1 1
github.com/berikulyBeket/todo-plus/internal/repository/item.go:198.2,204.16 5 1
github.com/berikulyBeket/todo-plus/internal/repository/item.go:204.16,206.3 1 1
github.com/berikulyBeket/todo-plus/internal/repository/item.go:208.2,209.16 2 1
github.com/berikulyBeket/todo-plus/internal/repository/item.go:209.16,211.3 1 0
github.com/berikulyBeket/todo-plus/internal/repository/item.go:213.2,213.23 1 1
github.com/berikulyBeket/todo-plus/internal/repository/item.go:213.23,215.3 1 0
github.com/berikulyBeket/todo-plus/internal/repository/item.go:217.2,220.65 3 1
github.com/berikulyBeket/todo-plus/internal/repository/item.go:220.65,222.3 1 0
github.com/berikulyBeket/todo-plus/internal/repository/item.go:223.2,223.70 1 1
github.com/berikulyBeket/todo-plus/internal/repository/item.go:223.70,225.3 1 0
github.com/berikulyBeket/todo-plus/internal/repository/item.go:227.2,227.12 1 1
github.com/berikulyBeket/todo-plus/internal/repository/item.go:231.86,235.16 3 1
github.com/berikulyBeket/todo-plus/internal/repository/item.go:235.16,237.3 1 1
github.com/berikulyBeket/todo-plus/internal/repository/item.go:239.2,240.16 2 1
github.com/berikulyBeket/todo-plus/internal/repository/item.go:240.16,242.3 1 0
github.com/berikulyBeket/todo-plus/internal/repository/item.go:244.2,244.23 1 1
github.com/berikulyBeket/todo-plus/internal/repository/item.go:244.23,246.3 1 0
github.com/berikulyBeket/todo-plus/internal/repository/item.go:248.2,249.65 2 1
github.com/berikulyBeket/todo-plus/internal/repository/item.go:249.65,251.3 1 0
github.com/berikulyBeket/todo-plus/internal/repository/item.go:252.2,252.19 1 1
github.com/berikulyBeket/todo-plus/internal/repository/item.go:252.19,254.71 2 1
github.com/berikulyBeket/todo-plus/internal/repository/item.go:254.71,256.4 1 0
github.com/berikulyBeket/todo-plus/internal/repository/item.go:259.2,259.12 1 1
github.com/berikulyBeket/todo-plus/internal/repository/item.go:263.85,274.16 4 1
github.com/berikulyBeket/todo-plus/internal/repository/item.go:274.16,275.27 1 1
github.com/berikulyBeket/todo-plus/internal/repository/item.go:275.27,277.4 1 0
github.com/berikulyBeket/todo-plus/internal/repository/item.go:279.3,279.13 1 1
github.com/berikulyBeket/todo-plus/internal/repository/item.go:282.2,282.12 1 1
github.com/berikulyBeket/todo-plus/internal/repository/list.go:27.13,29.2 1 1
github.com/berikulyBeket/todo-plus/internal/repository/list.go:32.100,34.16 2 1
github.com/berikulyBeket/todo-plus/internal/repository/list.go:34.16,36.3 1 1
github.com/berikulyBeket/todo-plus/internal/repository/list.go:38.2,46.16 4 1
github.com/berikulyBeket/todo-plus/internal/repository/list.go:46.16,49.3 2 1
github.com/berikulyBeket/todo-plus/internal/repository/list.go:51.2,56.16 3 1
github.com/berikulyBeket/todo-plus/internal/repository/list.go:56.16,59.3 2 1
github.com/berikulyBeket/todo-plus/internal/repository/list.go:61.2,61.36 1 1
github.com/berikulyBeket/todo-plus/internal/repository/list.go:61.36,63.3 1 0
github.com/berikulyBeket/todo-plus/internal/repository/list.go:65.2,69.90 4 1
github.com/berikulyBeket/todo-plus/internal/repository/list.go:69.90,71.3 1 0
github.com/berikulyBeket/todo-plus/internal/repository/list.go:72.2,72.70 1 1
github.com/berikulyBeket/todo-plus/internal/repository/list.go:72.70,74.3 1 0
github.com/berikulyBeket/todo-plus/internal/repository/list.go:76.2,76.20 1 1
github.com/berikulyBeket/todo-plus/internal/repository/list.go:80.92,84.84 3 1
github.com/berikulyBeket/todo-plus/internal/repository/list.go:84.84,86.3 1 0
github.com/berikulyBeket/todo-plus/internal/repository/list.go:86.8,86.19 1 1
github.com/berikulyBeket/todo-plus/internal/repository/list.go:86.19,88.3 1 0
github.com/berikulyBeket/todo-plus/internal/repository/list.go:90.2,97.16 3 1
github.com/berikulyBeket/todo-plus/internal/repository/list.go:97.16,99.3 1 1
github.com/berikulyBeket/todo-plus/internal/repository/list.go:100.2,102.18 2 1
github.com/berikulyBeket/todo-plus/internal/repository/list.go:102.18,104.77 2 1
github.com/berikulyBeket/todo-plus/internal/repository/list.go:104.77,106.4 1 1
github.com/berikulyBeket/todo-plus/internal/repository/list.go:107.3,107.30 1 1
github.com/berikulyBeket/todo-plus/internal/repository/list.go:110.2,110.35 1 1
github.com/berikulyBeket/todo-plus/internal/repository/list.go:110.35,112.3 1 1
github.com/berikulyBeket/todo-plus/internal/repository/list.go:114.2,114.97 1 1
github.com/berikulyBeket/todo-plus/internal/repository/list.go:114.97,116.3 1 0
github.com/berikulyBeket/todo-plus/internal/repository/list.go:118.2,118.19 1 1
github.com/berikulyBeket/todo-plus/internal/repository/list.go:122.85,126.78 3 1
github.com/berikulyBeket/todo-plus/internal/repository/list.go:126.78,128.3 1 0
github.com/berikulyBeket/todo-plus/internal/repository/list.go:128.8,128.19 1 1
github.com/berikulyBeket/todo-plus/internal/repository/list.go:128.19,130.3 1 0
github.com/berikulyBeket/todo-plus/internal/repository/list.go:132.2,135.16 3 1
github.com/berikulyBeket/todo-plus/internal/repository/list.go:135.16,136.27 1 1
github.com/berikulyBeket/todo-plus/internal/repository/list.go:136.27,138.4 1 1
github.com/berikulyBeket/todo-plus/internal/repository/list.go:140.3,140.19 1 1
github.com/berikulyBeket/todo-plus/internal/repository/list.go:143.2,143.89 1 1
github.com/berikulyBeket/todo-plus/internal/repository/list.go:143.89,145.3 1 0
github.com/berikulyBeket/todo-plus/internal/repository/list.go:147.2,147.18 1 1
github.com/berikulyBeket/todo-plus/internal/repository/list.go:151.92,154.23 2 1
github.com/berikulyBeket/todo-plus/internal/repository/list.go:154.23,156.3 1 1
github.com/berikulyBeket/todo-plus/internal/repository/list.go:158.2,160.16 3 1
github.com/berikulyBeket/todo-plus/internal/repository/list.go:160.16,162.3 1 1
github.com/berikulyBeket/todo-plus/internal/repository/list.go:163.2,165.18 2 1
github.com/berikulyBeket/todo-plus/internal/repository/list.go:165.18,167.77 2 1
github.com/berikulyBeket/todo-plus/internal/repository/list.go:167.77,169.4 1 1
github.com/berikulyBeket/todo-plus/internal/repository/list.go:170.3,170.30 1 1
github.com/berikulyBeket/todo-plus/internal/repository/list.go:173.2,173.19 1 1
github.com/berikulyBeket/todo-plus/internal/repository/list.go:177.123,183.31 5 1
github.com/berikulyBeket/todo-plus/internal/repository/list.go:183.31,187.3 3 1
github.com/berikulyBeket/todo-plus/internal/repository/list.go:188.2,188.37 1 1
github.com/berikulyBeket/todo-plus/internal/repository/list.go:188.37,192.3 3 1
github.com/berikulyBeket/todo-plus/internal/repository/list.go:194.2,194.26 1 1
github.com/berikulyBeket/todo-plus/internal/repository/list.go:194.26,196.3 1 1
github.com/berikulyBeket/todo-plus/internal/repository/list.go:198.2,205.16 5 1
github.com/berikulyBeket/todo-plus/internal/repository/list.go:205.16,207.3 1 1
github.com/berikulyBeket/todo-plus/internal/repository/list.go:209.2,210.16 2 1
github.com/berikulyBeket/todo-plus/internal/repository/list.go:210.16,212.3 1 0
github.com/berikulyBeket/todo-plus/internal/repository/list.go:214.2,214.23 1 1
github.com/berikulyBeket/todo-plus/internal/repository/list.go:214.23,216.3 1 0
github.com/berikulyBeket/todo-plus/internal/repository/list.go:218.2,221.65 3 1
github.com/berikulyBeket/todo-plus/internal/repository/list.go:221.65,223.3 1 0
github.com/berikulyBeket/todo-plus/internal/repository/list.go:224.2,224.70 1 1
github.com/berikulyBeket/todo-plus/internal/repository/list.go:224.70,226.3 1 0
github.com/berikulyBeket/todo-plus/internal/repository/list.go:228.2,228.12 1 1
github.com/berikulyBeket/todo-plus/internal/repository/list.go:232.86,236.16 3 1
github.com/berikulyBeket/todo-plus/internal/repository/list.go:236.16,238.3 1 1
github.com/berikulyBeket/todo-plus/internal/repository/list.go:240.2,241.16 2 1
github.com/berikulyBeket/todo-plus/internal/repository/list.go:241.16,243.3 1 0
github.com/berikulyBeket/todo-plus/internal/repository/list.go:245.2,245.23 1 1
github.com/berikulyBeket/todo-plus/internal/repository/list.go:245.23,247.3 1 1
github.com/berikulyBeket/todo-plus/internal/repository/list.go:249.2,250.65 2 1
github.com/berikulyBeket/todo-plus/internal/repository/list.go:250.65,252.3 1 0
github.com/berikulyBeket/todo-plus/internal/repository/list.go:253.2,253.19 1 1
github.com/berikulyBeket/todo-plus/internal/repository/list.go:253.19,255.71 2 1
github.com/berikulyBeket/todo-plus/internal/repository/list.go:255.71,257.4 1 0
github.com/berikulyBeket/todo-plus/internal/repository/list.go:260.2,260.12 1 1
github.com/berikulyBeket/todo-plus/internal/repository/list.go:264.85,269.16 4 1
github.com/berikulyBeket/todo-plus/internal/repository/list.go:269.16,270.27 1 1
github.com/berikulyBeket/todo-plus/internal/repository/list.go:270.27,272.4 1 0
github.com/berikulyBeket/todo-plus/internal/repository/list.go:274.3,274.13 1 1
github.com/berikulyBeket/todo-plus/internal/repository/list.go:277.2,277.12 1 1
github.com/berikulyBeket/todo-plus/internal/repository/repository.go:53.15,60.2 1 0
github.com/berikulyBeket/todo-plus/internal/repository/user.go:17.51,19.2 1 1
github.com/berikulyBeket/todo-plus/internal/repository/user.go:22.73,26.16 3 1
github.com/berikulyBeket/todo-plus/internal/repository/user.go:26.16,28.3 1 1
github.com/berikulyBeket/todo-plus/internal/repository/user.go:30.2,31.16 2 1
github.com/berikulyBeket/todo-plus/internal/repository/user.go:31.16,33.3 1 0
github.com/berikulyBeket/todo-plus/internal/repository/user.go:35.2,35.23 1 1
github.com/berikulyBeket/todo-plus/internal/repository/user.go:35.23,37.3 1 1
github.com/berikulyBeket/todo-plus/internal/repository/user.go:39.2,39.12 1 1
github.com/berikulyBeket/todo-plus/internal/entity/item.go:40.43,41.61 1 0
github.com/berikulyBeket/todo-plus/internal/entity/item.go:41.61,43.3 1 0
github.com/berikulyBeket/todo-plus/internal/entity/item.go:45.2,45.12 1 0
github.com/berikulyBeket/todo-plus/internal/entity/list.go:36.43,37.44 1 0
github.com/berikulyBeket/todo-plus/internal/entity/list.go:37.44,39.3 1 0
github.com/berikulyBeket/todo-plus/internal/entity/list.go:41.2,41.12 1 0
github.com/berikulyBeket/todo-plus/internal/usecase/auth.go:21.102,27.2 1 1
github.com/berikulyBeket/todo-plus/internal/usecase/auth.go:30.87,33.2 2 1
github.com/berikulyBeket/todo-plus/internal/usecase/auth.go:36.110,38.2 1 1
github.com/berikulyBeket/todo-plus/internal/usecase/auth.go:41.87,43.2 1 1
github.com/berikulyBeket/todo-plus/internal/usecase/auth.go:46.89,48.2 1 1
github.com/berikulyBeket/todo-plus/internal/usecase/item.go:29.16,37.2 1 1
github.com/berikulyBeket/todo-plus/internal/usecase/item.go:40.104,41.75 1 1
github.com/berikulyBeket/todo-plus/internal/usecase/item.go:41.75,43.3 1 1
github.com/berikulyBeket/todo-plus/internal/usecase/item.go:45.2,46.16 2 1
github.com/berikulyBeket/todo-plus/internal/usecase/item.go:46.16,48.3 1 1
github.com/berikulyBeket/todo-plus/internal/usecase/item.go:50.2,52.20 2 1
github.com/berikulyBeket/todo-plus/internal/usecase/item.go:56.95,57.75 1 1
github.com/berikulyBeket/todo-plus/internal/usecase/item.go:57.75,59.3 1 1
github.com/berikulyBeket/todo-plus/internal/usecase/item.go:61.2,61.45 1 1
github.com/berikulyBeket/todo-plus/internal/usecase/item.go:65.97,66.71 1 1
github.com/berikulyBeket/todo-plus/internal/usecase/item.go:66.71,68.3 1 1
github.com/berikulyBeket/todo-plus/internal/usecase/item.go:70.2,70.40 1 1
github.com/berikulyBeket/todo-plus/internal/usecase/item.go:74.131,75.71 1 1
github.com/berikulyBeket/todo-plus/internal/usecase/item.go:75.71,77.3 1 1
github.com/berikulyBeket/todo-plus/internal/usecase/item.go:79.2,79.75 1 1
github.com/berikulyBeket/todo-plus/internal/usecase/item.go:79.75,81.3 1 1
github.com/berikulyBeket/todo-plus/internal/usecase/item.go:83.2,85.12 2 1
github.com/berikulyBeket/todo-plus/internal/usecase/item.go:89.101,90.71 1 1
github.com/berikulyBeket/todo-plus/internal/usecase/item.go:90.71,92.3 1 1
github.com/berikulyBeket/todo-plus/internal/usecase/item.go:94.2,94.68 1 1
github.com/berikulyBeket/todo-plus/internal/usecase/item.go:94.68,96.3 1 1
github.com/berikulyBeket/todo-plus/internal/usecase/item.go:98.2,100.12 2 1
github.com/berikulyBeket/todo-plus/internal/usecase/item.go:104.80,105.64 1 1
github.com/berikulyBeket/todo-plus/internal/usecase/item.go:105.64,107.3 1 1
github.com/berikulyBeket/todo-plus/internal/usecase/item.go:109.2,111.12 2 1
github.com/berikulyBeket/todo-plus/internal/usecase/item.go:115.131,117.16 2 0
github.com/berikulyBeket/todo-plus/internal/usecase/item.go:117.16,119.3 1 0
github.com/berikulyBeket/todo-plus/internal/usecase/item.go:121.2,121.43 1 0
github.com/berikulyBeket/todo-plus/internal/usecase/item.go:125.98,126.91 1 0
github.com/berikulyBeket/todo-plus/internal/usecase/item.go:126.91,129.3 2 0
github.com/berikulyBeket/todo-plus/internal/usecase/item.go:131.2,131.12 1 0
github.com/berikulyBeket/todo-plus/internal/usecase/item.go:135.98,137.16 2 0
github.com/berikulyBeket/todo-plus/internal/usecase/item.go:137.16,140.3 2 0
github.com/berikulyBeket/todo-plus/internal/usecase/item.go:142.2,142.83 1 0
github.com/berikulyBeket/todo-plus/internal/usecase/item.go:142.83,145.3 2 0
github.com/berikulyBeket/todo-plus/internal/usecase/item.go:147.2,147.12 1 0
github.com/berikulyBeket/todo-plus/internal/usecase/item.go:151.98,152.62 1 0
github.com/berikulyBeket/todo-plus/internal/usecase/item.go:152.62,155.3 2 0
github.com/berikulyBeket/todo-plus/internal/usecase/item.go:157.2,157.12 1 0
github.com/berikulyBeket/todo-plus/internal/usecase/list.go:22.114,29.2 1 1
github.com/berikulyBeket/todo-plus/internal/usecase/list.go:32.96,34.16 2 1
github.com/berikulyBeket/todo-plus/internal/usecase/list.go:34.16,36.3 1 1
github.com/berikulyBeket/todo-plus/internal/usecase/list.go:38.2,40.20 2 1
github.com/berikulyBeket/todo-plus/internal/usecase/list.go:44.87,46.2 1 1
github.com/berikulyBeket/todo-plus/internal/usecase/list.go:49.97,51.16 2 1
github.com/berikulyBeket/todo-plus/internal/usecase/list.go:51.16,53.3 1 1
github.com/berikulyBeket/todo-plus/internal/usecase/list.go:55.2,55.40 1 1
github.com/berikulyBeket/todo-plus/internal/usecase/list.go:59.122,60.71 1 1
github.com/berikulyBeket/todo-plus/internal/usecase/list.go:60.71,62.3 1 1
github.com/berikulyBeket/todo-plus/internal/usecase/list.go:64.2,65.16 2 1
github.com/berikulyBeket/todo-plus/internal/usecase/list.go:65.16,67.3 1 1
github.com/berikulyBeket/todo-plus/internal/usecase/list.go:69.2,71.12 2 1
github.com/berikulyBeket/todo-plus/internal/usecase/list.go:75.85,76.71 1 1
github.com/berikulyBeket/todo-plus/internal/usecase/list.go:76.71,78.3 1 1
github.com/berikulyBeket/todo-plus/internal/usecase/list.go:80.2,81.16 2 1
github.com/berikulyBeket/todo-plus/internal/usecase/list.go:81.16,83.3 1 1
github.com/berikulyBeket/todo-plus/internal/usecase/list.go:85.2,87.12 2 1
github.com/berikulyBeket/todo-plus/internal/usecase/list.go:91.80,93.16 2 1
github.com/berikulyBeket/todo-plus/internal/usecase/list.go:93.16,95.3 1 1
github.com/berikulyBeket/todo-plus/internal/usecase/list.go:97.2,99.12 2 1
github.com/berikulyBeket/todo-plus/internal/usecase/list.go:103.106,105.16 2 0
github.com/berikulyBeket/todo-plus/internal/usecase/list.go:105.16,107.3 1 0
github.com/berikulyBeket/todo-plus/internal/usecase/list.go:109.2,109.43 1 0
github.com/berikulyBeket/todo-plus/internal/usecase/list.go:113.98,116.76 2 0
github.com/berikulyBeket/todo-plus/internal/usecase/list.go:116.76,119.3 2 0
github.com/berikulyBeket/todo-plus/internal/usecase/list.go:121.2,121.12 1 0
github.com/berikulyBeket/todo-plus/internal/usecase/list.go:125.98,129.16 3 0
github.com/berikulyBeket/todo-plus/internal/usecase/list.go:129.16,132.3 2 0
github.com/berikulyBeket/todo-plus/internal/usecase/list.go:134.2,134.68 1 0
github.com/berikulyBeket/todo-plus/internal/usecase/list.go:134.68,137.3 2 0
github.com/berikulyBeket/todo-plus/internal/usecase/list.go:139.2,139.12 1 0
github.com/berikulyBeket/todo-plus/internal/usecase/list.go:143.98,146.62 2 0
github.com/berikulyBeket/todo-plus/internal/usecase/list.go:146.62,149.3 2 0
github.com/berikulyBeket/todo-plus/internal/usecase/list.go:151.2,151.12 1 0
github.com/berikulyBeket/todo-plus/internal/usecase/usecase.go:67.12,74.2 1 0
github.com/berikulyBeket/todo-plus/internal/usecase/user.go:15.53,19.2 1 1
github.com/berikulyBeket/todo-plus/internal/usecase/user.go:22.80,24.2 1 1
github.com/berikulyBeket/todo-plus/internal/entity/item.go:40.43,41.61 1 0
github.com/berikulyBeket/todo-plus/internal/entity/item.go:41.61,43.3 1 0
github.com/berikulyBeket/todo-plus/internal/entity/item.go:45.2,45.12 1 0
github.com/berikulyBeket/todo-plus/internal/entity/list.go:36.43,37.44 1 0
github.com/berikulyBeket/todo-plus/internal/entity/list.go:37.44,39.3 1 0
github.com/berikulyBeket/todo-plus/internal/entity/list.go:41.2,41.12 1 0
github.com/berikulyBeket/todo-plus/internal/middleware/app_auth.go:17.76,18.30 1 1
github.com/berikulyBeket/todo-plus/internal/middleware/app_auth.go:18.30,22.34 3 1
github.com/berikulyBeket/todo-plus/internal/middleware/app_auth.go:22.34,26.4 3 1
github.com/berikulyBeket/todo-plus/internal/middleware/app_auth.go:28.3,28.50 1 1
github.com/berikulyBeket/todo-plus/internal/middleware/app_auth.go:28.50,31.4 2 1
github.com/berikulyBeket/todo-plus/internal/middleware/app_auth.go:33.3,34.12 2 1
github.com/berikulyBeket/todo-plus/internal/middleware/authentication.go:21.88,22.30 1 1
github.com/berikulyBeket/todo-plus/internal/middleware/authentication.go:22.30,24.19 2 1
github.com/berikulyBeket/todo-plus/internal/middleware/authentication.go:24.19,30.4 3 1
github.com/berikulyBeket/todo-plus/internal/middleware/authentication.go:32.3,33.28 2 1
github.com/berikulyBeket/todo-plus/internal/middleware/authentication.go:33.28,39.4 3 1
github.com/berikulyBeket/todo-plus/internal/middleware/authentication.go:41.3,42.17 2 1
github.com/berikulyBeket/todo-plus/internal/middleware/authentication.go:42.17,48.4 3 1
github.com/berikulyBeket/todo-plus/internal/middleware/authentication.go:50.3,51.11 2 1
github.com/berikulyBeket/todo-plus/internal/middleware/authentication.go:56.45,58.9 2 1
github.com/berikulyBeket/todo-plus/internal/middleware/authentication.go:58.9,60.3 1 0
github.com/berikulyBeket/todo-plus/internal/middleware/authentication.go:62.2,63.9 2 1
github.com/berikulyBeket/todo-plus/internal/middleware/authentication.go:63.9,65.3 1 0
github.com/berikulyBeket/todo-plus/internal/middleware/authentication.go:67.2,67.23 1 1
github.com/berikulyBeket/todo-plus/internal/middleware/cors.go:9.52,18.2 7 0
github.com/berikulyBeket/todo-plus/internal/middleware/metrics.go:13.63,14.30 1 0
github.com/berikulyBeket/todo-plus/internal/middleware/metrics.go:14.30,15.33 1 0
github.com/berikulyBeket/todo-plus/internal/middleware/metrics.go:15.33,18.4 2 0
github.com/berikulyBeket/todo-plus/internal/middleware/metrics.go:20.3,27.72 5 0
github.com/berikulyBeket/todo-plus/internal/middleware/panic_recovery.go:13.61,14.72 1 0
github.com/berikulyBeket/todo-plus/internal/middleware/panic_recovery.go:14.72,18.3 2 0
github.com/berikulyBeket/todo-plus/internal/controller/http/v1/auth.go:24.42,27.49 2 1
github.com/berikulyBeket/todo-plus/internal/controller/http/v1/auth.go:27.49,34.3 3 1
github.com/berikulyBeket/todo-plus/internal/controller/http/v1/auth.go:36.2,37.16 2 1
github.com/berikulyBeket/todo-plus/internal/controller/http/v1/auth.go:37.16,46.3 3 1
github.com/berikulyBeket/todo-plus/internal/controller/http/v1/auth.go:48.2,56.4 3 1
github.com/berikulyBeket/todo-plus/internal/controller/http/v1/auth.go:79.42,82.49 2 1
github.com/berikulyBeket/todo-plus/internal/controller/http/v1/auth.go:82.49,89.3 3 1
github.com/berikulyBeket/todo-plus/internal/controller/http/v1/auth.go:91.2,92.16 2 1
github.com/berikulyBeket/todo-plus/internal/controller/http/v1/auth.go:92.16,93.35 1 1
github.com/berikulyBeket/todo-plus/internal/controller/http/v1/auth.go:93.35,98.4 2 1
github.com/berikulyBeket/todo-plus/internal/controller/http/v1/auth.go:100.3,107.9 3 0
github.com/berikulyBeket/todo-plus/internal/controller/http/v1/auth.go:110.2,111.16 2 1
github.com/berikulyBeket/todo-plus/internal/controller/http/v1/auth.go:111.16,121.3 3 1
github.com/berikulyBeket/todo-plus/internal/controller/http/v1/auth.go:123.2,131.4 3 1
github.com/berikulyBeket/todo-plus/internal/controller/http/v1/handler.go:25.121,32.2 1 1
github.com/berikulyBeket/todo-plus/internal/controller/http/v1/handler.go:44.66,45.45 1 0
github.com/berikulyBeket/todo-plus/internal/controller/http/v1/handler.go:45.45,45.72 1 0
github.com/berikulyBeket/todo-plus/internal/controller/http/v1/handler.go:47.2,50.2 3 0
github.com/berikulyBeket/todo-plus/internal/controller/http/v1/handler.go:50.2,53.3 3 0
github.com/berikulyBeket/todo-plus/internal/controller/http/v1/handler.go:53.3,56.4 2 0
github.com/berikulyBeket/todo-plus/internal/controller/http/v1/handler.go:58.3,61.3 4 0
github.com/berikulyBeket/todo-plus/internal/controller/http/v1/handler.go:61.3,63.4 2 0
github.com/berikulyBeket/todo-plus/internal/controller/http/v1/handler.go:63.4,72.5 8 0
github.com/berikulyBeket/todo-plus/internal/controller/http/v1/handler.go:72.5,75.6 2 0
github.com/berikulyBeket/todo-plus/internal/controller/http/v1/handler.go:78.4,79.4 2 0
github.com/berikulyBeket/todo-plus/internal/controller/http/v1/handler.go:79.4,84.5 4 0
github.com/berikulyBeket/todo-plus/internal/controller/http/v1/handler.go:87.3,89.3 3 0
github.com/berikulyBeket/todo-plus/internal/controller/http/v1/handler.go:89.3,91.4 2 0
github.com/berikulyBeket/todo-plus/internal/controller/http/v1/handler.go:91.4,95.5 3 0
github.com/berikulyBeket/todo-plus/internal/controller/http/v1/handler.go:99.2,99.15 1 0
github.com/berikulyBeket/todo-plus/internal/controller/http/v1/item.go:30.46,32.16 2 1
github.com/berikulyBeket/todo-plus/internal/controller/http/v1/item.go:32.16,38.3 3 1
github.com/berikulyBeket/todo-plus/internal/controller/http/v1/item.go:40.2,41.16 2 1
github.com/berikulyBeket/todo-plus/internal/controller/http/v1/item.go:41.16,49.3 3 1
github.com/berikulyBeket/todo-plus/internal/controller/http/v1/item.go:51.2,52.43 2 1
github.com/berikulyBeket/todo-plus/internal/controller/http/v1/item.go:52.43,61.3 3 1
github.com/berikulyBeket/todo-plus/internal/controller/http/v1/item.go:63.2,63.91 1 1
github.com/berikulyBeket/todo-plus/internal/controller/http/v1/item.go:63.91,68.3 2 1
github.com/berikulyBeket/todo-plus/internal/controller/http/v1/item.go:70.2,71.16 2 1
github.com/berikulyBeket/todo-plus/internal/controller/http/v1/item.go:71.16,80.3 3 1
github.com/berikulyBeket/todo-plus/internal/controller/http/v1/item.go:82.2,86.4 2 1
github.com/berikulyBeket/todo-plus/internal/controller/http/v1/item.go:103.47,105.16 2 1
github.com/berikulyBeket/todo-plus/internal/controller/http/v1/item.go:105.16,111.3 3 1
github.com/berikulyBeket/todo-plus/internal/controller/http/v1/item.go:113.2,114.16 2 1
github.com/berikulyBeket/todo-plus/internal/controller/http/v1/item.go:114.16,122.3 3 1
github.com/berikulyBeket/todo-plus/internal/controller/http/v1/item.go:124.2,124.91 1 1
github.com/berikulyBeket/todo-plus/internal/controller/http/v1/item.go:124.91,129.3 2 1
github.com/berikulyBeket/todo-plus/internal/controller/http/v1/item.go:131.2,132.16 2 1
github.com/berikulyBeket/todo-plus/internal/controller/http/v1/item.go:132.16,141.3 3 1
github.com/berikulyBeket/todo-plus/internal/controller/http/v1/item.go:143.2,143.83 1 1
github.com/berikulyBeket/todo-plus/internal/controller/http/v1/item.go:161.47,163.16 2 1
github.com/berikulyBeket/todo-plus/internal/controller/http/v1/item.go:163.16,169.3 3 1
github.com/berikulyBeket/todo-plus/internal/controller/http/v1/item.go:171.2,172.16 2 1
github.com/berikulyBeket/todo-plus/internal/controller/http/v1/item.go:172.16,180.3 3 1
github.com/berikulyBeket/todo-plus/internal/controller/http/v1/item.go:182.2,183.16 2 1
github.com/berikulyBeket/todo-plus/internal/controller/http/v1/item.go:183.16,184.67 1 1
github.com/berikulyBeket/todo-plus/internal/controller/http/v1/item.go:184.67,193.4 3 1
github.com/berikulyBeket/todo-plus/internal/controller/http/v1/item.go:195.3,202.9 3 1
github.com/berikulyBeket/todo-plus/internal/controller/http/v1/item.go:205.2,205.81 1 1
github.com/berikulyBeket/todo-plus/internal/controller/http/v1/item.go:225.46,227.16 2 1
github.com/berikulyBeket/todo-plus/internal/controller/http/v1/item.go:227.16,233.3 3 1
github.com/berikulyBeket/todo-plus/internal/controller/http/v1/item.go:235.2,236.16 2 1
github.com/berikulyBeket/todo-plus/internal/controller/http/v1/item.go:236.16,244.3 3 1
github.com/berikulyBeket/todo-plus/internal/controller/http/v1/item.go:246.2,247.16 2 1
github.com/berikulyBeket/todo-plus/internal/controller/http/v1/item.go:247.16,256.3 3 1
github.com/berikulyBeket/todo-plus/internal/controller/http/v1/item.go:258.2,259.43 2 1
github.com/berikulyBeket/todo-plus/internal/controller/http/v1/item.go:259.43,270.3 3 1
github.com/berikulyBeket/todo-plus/internal/controller/http/v1/item.go:272.2,272.41 1 1
github.com/berikulyBeket/todo-plus/internal/controller/http/v1/item.go:272.41,284.3 3 0
github.com/berikulyBeket/todo-plus/internal/controller/http/v1/item.go:286.2,287.16 2 1
github.com/berikulyBeket/todo-plus/internal/controller/http/v1/item.go:287.16,288.67 1 1
github.com/berikulyBeket/todo-plus/internal/controller/http/v1/item.go:288.67,293.4 2 1
github.com/berikulyBeket/todo-plus/internal/controller/http/v1/item.go:295.3,303.9 3 1
github.com/berikulyBeket/todo-plus/internal/controller/http/v1/item.go:306.2,306.78 1 1
github.com/berikulyBeket/todo-plus/internal/controller/http/v1/item.go:323.46,325.16 2 1
github.com/berikulyBeket/todo-plus/internal/controller/http/v1/item.go:325.16,331.3 3 1
github.com/berikulyBeket/todo-plus/internal/controller/http/v1/item.go:333.2,334.16 2 1
github.com/berikulyBeket/todo-plus/internal/controller/http/v1/item.go:334.16,342.3 3 1
github.com/berikulyBeket/todo-plus/internal/controller/http/v1/item.go:344.2,345.16 2 1
github.com/berikulyBeket/todo-plus/internal/controller/http/v1/item.go:345.16,354.3 3 1
github.com/berikulyBeket/todo-plus/internal/controller/http/v1/item.go:356.2,357.16 2 1
github.com/berikulyBeket/todo-plus/internal/controller/http/v1/item.go:357.16,358.67 1 1
github.com/berikulyBeket/todo-plus/internal/controller/http/v1/item.go:358.67,363.4 2 1
github.com/berikulyBeket/todo-plus/internal/controller/http/v1/item.go:365.3,373.9 3 1
github.com/berikulyBeket/todo-plus/internal/controller/http/v1/item.go:376.2,378.78 2 1
github.com/berikulyBeket/todo-plus/internal/controller/http/v1/item.go:393.53,395.16 2 1
github.com/berikulyBeket/todo-plus/internal/controller/http/v1/item.go:395.16,402.3 3 1
github.com/berikulyBeket/todo-plus/internal/controller/http/v1/item.go:404.2,405.16 2 1
github.com/berikulyBeket/todo-plus/internal/controller/http/v1/item.go:405.16,406.35 1 1
github.com/berikulyBeket/todo-plus/internal/controller/http/v1/item.go:406.35,411.4 2 1
github.com/berikulyBeket/todo-plus/internal/controller/http/v1/item.go:413.3,421.9 3 1
github.com/berikulyBeket/todo-plus/internal/controller/http/v1/item.go:424.2,426.78 2 1
github.com/berikulyBeket/todo-plus/internal/controller/http/v1/item.go:443.47,445.16 2 0
github.com/berikulyBeket/todo-plus/internal/controller/http/v1/item.go:445.16,451.3 3 0
github.com/berikulyBeket/todo-plus/internal/controller/http/v1/item.go:453.2,455.16 3 0
github.com/berikulyBeket/todo-plus/internal/controller/http/v1/item.go:455.16,463.3 3 0
github.com/berikulyBeket/todo-plus/internal/controller/http/v1/item.go:465.2,467.16 3 0
github.com/berikulyBeket/todo-plus/internal/controller/http/v1/item.go:467.16,475.3 3 0
github.com/berikulyBeket/todo-plus/internal/controller/http/v1/item.go:477.2,478.16 2 0
github.com/berikulyBeket/todo-plus/internal/controller/http/v1/item.go:478.16,486.3 3 0
github.com/berikulyBeket/todo-plus/internal/controller/http/v1/item.go:488.2,489.16 2 0
github.com/berikulyBeket/todo-plus/internal/controller/http/v1/item.go:489.16,499.3 3 0
github.com/berikulyBeket/todo-plus/internal/controller/http/v1/item.go:501.2,503.81 2 0
github.com/berikulyBeket/todo-plus/internal/controller/http/v1/list.go:29.46,31.16 2 1
github.com/berikulyBeket/todo-plus/internal/controller/http/v1/list.go:31.16,37.3 3 1
github.com/berikulyBeket/todo-plus/internal/controller/http/v1/list.go:39.2,40.43 2 1
github.com/berikulyBeket/todo-plus/internal/controller/http/v1/list.go:40.43,49.3 3 1
github.com/berikulyBeket/todo-plus/internal/controller/http/v1/list.go:51.2,52.16 2 1
github.com/berikulyBeket/todo-plus/internal/controller/http/v1/list.go:52.16,61.3 3 1
github.com/berikulyBeket/todo-plus/internal/controller/http/v1/list.go:63.2,67.4 2 1
github.com/berikulyBeket/todo-plus/internal/controller/http/v1/list.go:82.47,84.16 2 1
github.com/berikulyBeket/todo-plus/internal/controller/http/v1/list.go:84.16,90.3 3 1
github.com/berikulyBeket/todo-plus/internal/controller/http/v1/list.go:92.2,93.16 2 1
github.com/berikulyBeket/todo-plus/internal/controller/http/v1/list.go:93.16,102.3 3 1
github.com/berikulyBeket/todo-plus/internal/controller/http/v1/list.go:104.2,104.83 1 1
github.com/berikulyBeket/todo-plus/internal/controller/http/v1/list.go:122.47,124.16 2 1
github.com/berikulyBeket/todo-plus/internal/controller/http/v1/list.go:124.16,130.3 3 1
github.com/berikulyBeket/todo-plus/internal/controller/http/v1/list.go:132.2,133.16 2 1
github.com/berikulyBeket/todo-plus/internal/controller/http/v1/list.go:133.16,142.3 3 1
github.com/berikulyBeket/todo-plus/internal/controller/http/v1/list.go:144.2,145.16 2 1
github.com/berikulyBeket/todo-plus/internal/controller/http/v1/list.go:145.16,146.67 1 1
github.com/berikulyBeket/todo-plus/internal/controller/http/v1/list.go:146.67,151.4 2 1
github.com/berikulyBeket/todo-plus/internal/controller/http/v1/list.go:153.3,161.9 3 1
github.com/berikulyBeket/todo-plus/internal/controller/http/v1/list.go:164.2,164.81 1 1
github.com/berikulyBeket/todo-plus/internal/controller/http/v1/list.go:184.46,186.16 2 1
github.com/berikulyBeket/todo-plus/internal/controller/http/v1/list.go:186.16,192.3 3 1
github.com/berikulyBeket/todo-plus/internal/controller/http/v1/list.go:194.2,195.16 2 1
github.com/berikulyBeket/todo-plus/internal/controller/http/v1/list.go:195.16,204.3 3 1
github.com/berikulyBeket/todo-plus/internal/controller/http/v1/list.go:206.2,207.50 2 1
github.com/berikulyBeket/todo-plus/internal/controller/http/v1/list.go:207.50,218.3 3 1
github.com/berikulyBeket/todo-plus/internal/controller/http/v1/list.go:220.2,220.48 1 1
github.com/berikulyBeket/todo-plus/internal/controller/http/v1/list.go:220.48,231.3 3 1
github.com/berikulyBeket/todo-plus/internal/controller/http/v1/list.go:233.2,234.16 2 1
github.com/berikulyBeket/todo-plus/internal/controller/http/v1/list.go:234.16,235.67 1 1
github.com/berikulyBeket/todo-plus/internal/controller/http/v1/list.go:235.67,240.4 2 1
github.com/berikulyBeket/todo-plus/internal/controller/http/v1/list.go:242.3,250.9 3 1
github.com/berikulyBeket/todo-plus/internal/controller/http/v1/list.go:253.2,253.78 1 1
github.com/berikulyBeket/todo-plus/internal/controller/http/v1/list.go:270.46,272.16 2 1
github.com/berikulyBeket/todo-plus/internal/controller/http/v1/list.go:272.16,278.3 3 1
github.com/berikulyBeket/todo-plus/internal/controller/http/v1/list.go:280.2,281.16 2 1
github.com/berikulyBeket/todo-plus/internal/controller/http/v1/list.go:281.16,290.3 3 1
github.com/berikulyBeket/todo-plus/internal/controller/http/v1/list.go:292.2,293.16 2 1
github.com/berikulyBeket/todo-plus/internal/controller/http/v1/list.go:293.16,294.67 1 1
github.com/berikulyBeket/todo-plus/internal/controller/http/v1/list.go:294.67,299.4 2 1
github.com/berikulyBeket/todo-plus/internal/controller/http/v1/list.go:301.3,309.9 3 1
github.com/berikulyBeket/todo-plus/internal/controller/http/v1/list.go:312.2,314.78 2 1
github.com/berikulyBeket/todo-plus/internal/controller/http/v1/list.go:329.53,331.16 2 1
github.com/berikulyBeket/todo-plus/internal/controller/http/v1/list.go:331.16,338.3 3 1
github.com/berikulyBeket/todo-plus/internal/controller/http/v1/list.go:340.2,341.16 2 1
github.com/berikulyBeket/todo-plus/internal/controller/http/v1/list.go:341.16,342.35 1 1
github.com/berikulyBeket/todo-plus/internal/controller/http/v1/list.go:342.35,347.4 2 1
github.com/berikulyBeket/todo-plus/internal/controller/http/v1/list.go:349.3,356.9 3 1
github.com/berikulyBeket/todo-plus/internal/controller/http/v1/list.go:359.2,361.78 2 1
github.com/berikulyBeket/todo-plus/internal/controller/http/v1/list.go:378.47,380.16 2 1
github.com/berikulyBeket/todo-plus/internal/controller/http/v1/list.go:380.16,386.3 3 1
github.com/berikulyBeket/todo-plus/internal/controller/http/v1/list.go:388.2,389.16 2 1
github.com/berikulyBeket/todo-plus/internal/controller/http/v1/list.go:389.16,397.3 3 1
github.com/berikulyBeket/todo-plus/internal/controller/http/v1/list.go:399.2,400.16 2 1
github.com/berikulyBeket/todo-plus/internal/controller/http/v1/list.go:400.16,410.3 3 1
github.com/berikulyBeket/todo-plus/internal/controller/http/v1/list.go:412.2,414.82 2 1
github.com/berikulyBeket/todo-plus/internal/controller/http/v1/user.go:24.53,26.16 2 1
github.com/berikulyBeket/todo-plus/internal/controller/http/v1/user.go:26.16,33.3 3 1
github.com/berikulyBeket/todo-plus/internal/controller/http/v1/user.go:35.2,36.16 2 1
github.com/berikulyBeket/todo-plus/internal/controller/http/v1/user.go:36.16,37.35 1 1
github.com/berikulyBeket/todo-plus/internal/controller/http/v1/user.go:37.35,42.4 2 1
github.com/berikulyBeket/todo-plus/internal/controller/http/v1/user.go:44.3,51.9 3 1
github.com/berikulyBeket/todo-plus/internal/controller/http/v1/user.go:54.2,59.78 3 1
github.com/berikulyBeket/todo-plus/internal/entity/item.go:40.43,41.61 1 1
github.com/berikulyBeket/todo-plus/internal/entity/item.go:41.61,43.3 1 0
github.com/berikulyBeket/todo-plus/internal/entity/item.go:45.2,45.12 1 1
github.com/berikulyBeket/todo-plus/internal/entity/list.go:36.43,37.44 1 1
github.com/berikulyBeket/todo-plus/internal/entity/list.go:37.44,39.3 1 1
github.com/berikulyBeket/todo-plus/internal/entity/list.go:41.2,41.12 1 1
